<?xml version="1.0" encoding="UTF-8"?>
<!-- Generated by org.testng.reporters.JUnitReportReporter -->
<testsuite skipped="0" hostname="DELL-PC" name="com.cyclos.testcases.Tc_flipkartlogin_001" tests="1" failures="0" timestamp="09 Dec 2019 16:32:59 GMT" time="10.273" errors="0">
  <testcase name="logintest" time="10.273" classname="com.cyclos.testcases.Tc_flipkartlogin_001"/>
</testsuite> <!-- com.cyclos.testcases.Tc_flipkartlogin_001 -->
