<?xml version="1.0" encoding="UTF-8"?>
<!-- Generated by org.testng.reporters.JUnitReportReporter -->
<testsuite skipped="0" hostname="DELL-PC" name="com.cyclos.testcases.Tc_login_001" tests="1" failures="0" timestamp="09 Dec 2019 16:38:45 GMT" time="6.453" errors="0">
  <testcase name="logintest" time="6.453" classname="com.cyclos.testcases.Tc_login_001"/>
</testsuite> <!-- com.cyclos.testcases.Tc_login_001 -->
