<?xml version="1.0" encoding="UTF-8"?>
<!-- Generated by org.testng.reporters.JUnitReportReporter -->
<testsuite skipped="0" hostname="DELL-PC" name="com.cyclos.testcases.Tc_facebkreg_003" tests="1" failures="0" timestamp="08 Dec 2019 18:46:50 GMT" time="8.979" errors="0">
  <testcase name="facebkreg" time="8.979" classname="com.cyclos.testcases.Tc_facebkreg_003"/>
</testsuite> <!-- com.cyclos.testcases.Tc_facebkreg_003 -->
